<?xml version="1.0" encoding="UTF-8"?>
<testng-results ignored="0" total="2" passed="2" failed="0" skipped="0">
  <reporter-output>
  </reporter-output>
  <suite started-at="2025-04-28T23:12:24 CDT" name="Suite" finished-at="2025-04-28T23:12:24 CDT" duration-ms="89">
    <groups>
    </groups>
    <test started-at="2025-04-28T23:12:24 CDT" name="Test" finished-at="2025-04-28T23:12:24 CDT" duration-ms="89">
      <class name="TestLogins.First">
        <test-method signature="testone()[pri:0, instance:TestLogins.First@5524cca1]" started-at="2025-04-28T23:12:24 CDT" name="testone" finished-at="2025-04-28T23:12:24 CDT" duration-ms="25" status="PASS">
          <reporter-output>
          </reporter-output>
        </test-method> <!-- testone -->
      </class> <!-- TestLogins.First -->
      <class name="TestLogins.TestTwo">
        <test-method signature="testtwo()[pri:0, instance:TestLogins.TestTwo@231f98ef]" started-at="2025-04-28T23:12:24 CDT" name="testtwo" finished-at="2025-04-28T23:12:24 CDT" duration-ms="4" status="PASS">
          <reporter-output>
          </reporter-output>
        </test-method> <!-- testtwo -->
      </class> <!-- TestLogins.TestTwo -->
    </test> <!-- Test -->
  </suite> <!-- Suite -->
</testng-results>
